Flow report for Lab2_seven_seg
Wed Jan 15 13:22:20 2025
Quartus II 64-Bit Version 13.1.0 Build 162 10/23/2013 SJ Web Edition


---------------------
; Table of Contents ;
---------------------
  1. Legal Notice
  2. Flow Summary
  3. Flow Settings
  4. Flow Non-Default Global Settings
  5. Flow Elapsed Time
  6. Flow OS Summary
  7. Flow Log
  8. Flow Messages
  9. Flow Suppressed Messages



----------------
; Legal Notice ;
----------------
Copyright (C) 1991-2013 Altera Corporation
Your use of Altera Corporation's design tools, logic functions 
and other software and tools, and its AMPP partner logic 
functions, and any output files from any of the foregoing 
(including device programming or simulation files), and any 
associated documentation or information are expressly subject 
to the terms and conditions of the Altera Program License 
Subscription Agreement, Altera MegaCore Function License 
Agreement, or other applicable license agreement, including, 
without limitation, that your use is for the sole purpose of 
programming logic devices manufactured by Altera and sold by 
Altera or its authorized distributors.  Please refer to the 
applicable agreement for further details.



+---------------------------------------------------------------------------------+
; Flow Summary                                                                    ;
+------------------------------------+--------------------------------------------+
; Flow Status                        ; Successful - Wed Jan 15 13:22:19 2025      ;
; Quartus II 64-Bit Version          ; 13.1.0 Build 162 10/23/2013 SJ Web Edition ;
; Revision Name                      ; Lab2_seven_seg                             ;
; Top-level Entity Name              ; seven_seg                                  ;
; Family                             ; Cyclone III                                ;
; Device                             ; EP3C16F484C6                               ;
; Timing Models                      ; Final                                      ;
; Total logic elements               ; 7 / 15,408 ( < 1 % )                       ;
;     Total combinational functions  ; 7 / 15,408 ( < 1 % )                       ;
;     Dedicated logic registers      ; 0 / 15,408 ( 0 % )                         ;
; Total registers                    ; 0                                          ;
; Total pins                         ; 12 / 347 ( 3 % )                           ;
; Total virtual pins                 ; 0                                          ;
; Total memory bits                  ; 0 / 516,096 ( 0 % )                        ;
; Embedded Multiplier 9-bit elements ; 0 / 112 ( 0 % )                            ;
; Total PLLs                         ; 0 / 4 ( 0 % )                              ;
+------------------------------------+--------------------------------------------+


+-----------------------------------------+
; Flow Settings                           ;
+-------------------+---------------------+
; Option            ; Setting             ;
+-------------------+---------------------+
; Start date & time ; 01/15/2025 13:22:00 ;
; Main task         ; Compilation         ;
; Revision Name     ; Lab2_seven_seg      ;
+-------------------+---------------------+


+-----------------------------------------------------------------------------------------------------------------------+
; Flow Non-Default Global Settings                                                                                      ;
+-------------------------------------+---------------------------------+----------------+-------------+----------------+
; Assignment Name                     ; Value                           ; Default Value  ; Entity Name ; Section Id     ;
+-------------------------------------+---------------------------------+----------------+-------------+----------------+
; COMPILER_SIGNATURE_ID               ; 128454783254089.173693651900744 ; --             ; --          ; --             ;
; EDA_GENERATE_FUNCTIONAL_NETLIST     ; On                              ; --             ; --          ; eda_simulation ;
; EDA_OUTPUT_DATA_FORMAT              ; Verilog Hdl                     ; --             ; --          ; eda_simulation ;
; EDA_SIMULATION_TOOL                 ; ModelSim-Altera (Verilog)       ; <None>         ; --          ; --             ;
; MAX_CORE_JUNCTION_TEMP              ; 85                              ; --             ; --          ; --             ;
; MIN_CORE_JUNCTION_TEMP              ; 0                               ; --             ; --          ; --             ;
; PARTITION_COLOR                     ; 16764057                        ; --             ; seven_seg   ; Top            ;
; PARTITION_FITTER_PRESERVATION_LEVEL ; PLACEMENT_AND_ROUTING           ; --             ; seven_seg   ; Top            ;
; PARTITION_NETLIST_TYPE              ; SOURCE                          ; --             ; seven_seg   ; Top            ;
; PROJECT_OUTPUT_DIRECTORY            ; output_files                    ; --             ; --          ; --             ;
; TOP_LEVEL_ENTITY                    ; seven_seg                       ; Lab2_seven_seg ; --          ; --             ;
+-------------------------------------+---------------------------------+----------------+-------------+----------------+


+-------------------------------------------------------------------------------------------------------------------------------+
; Flow Elapsed Time                                                                                                             ;
+---------------------------+--------------+-------------------------+---------------------+------------------------------------+
; Module Name               ; Elapsed Time ; Average Processors Used ; Peak Virtual Memory ; Total CPU Time (on all processors) ;
+---------------------------+--------------+-------------------------+---------------------+------------------------------------+
; Analysis & Synthesis      ; 00:00:02     ; 1.0                     ; 4689 MB             ; 00:00:02                           ;
; Fitter                    ; 00:00:06     ; 1.2                     ; 5187 MB             ; 00:00:06                           ;
; Assembler                 ; 00:00:02     ; 1.0                     ; 4604 MB             ; 00:00:01                           ;
; TimeQuest Timing Analyzer ; 00:00:02     ; 1.0                     ; 4674 MB             ; 00:00:02                           ;
; EDA Netlist Writer        ; 00:00:00     ; 1.0                     ; 4561 MB             ; 00:00:00                           ;
; Total                     ; 00:00:12     ; --                      ; --                  ; 00:00:11                           ;
+---------------------------+--------------+-------------------------+---------------------+------------------------------------+


+----------------------------------------------------------------------------------------+
; Flow OS Summary                                                                        ;
+---------------------------+------------------+-----------+------------+----------------+
; Module Name               ; Machine Hostname ; OS Name   ; OS Version ; Processor type ;
+---------------------------+------------------+-----------+------------+----------------+
; Analysis & Synthesis      ; Erkling          ; Windows 7 ; 6.2        ; x86_64         ;
; Fitter                    ; Erkling          ; Windows 7 ; 6.2        ; x86_64         ;
; Assembler                 ; Erkling          ; Windows 7 ; 6.2        ; x86_64         ;
; TimeQuest Timing Analyzer ; Erkling          ; Windows 7 ; 6.2        ; x86_64         ;
; EDA Netlist Writer        ; Erkling          ; Windows 7 ; 6.2        ; x86_64         ;
+---------------------------+------------------+-----------+------------+----------------+


------------
; Flow Log ;
------------
quartus_map --read_settings_files=on --write_settings_files=off Lab2_seven_seg -c Lab2_seven_seg
quartus_fit --read_settings_files=off --write_settings_files=off Lab2_seven_seg -c Lab2_seven_seg
quartus_asm --read_settings_files=off --write_settings_files=off Lab2_seven_seg -c Lab2_seven_seg
quartus_sta Lab2_seven_seg -c Lab2_seven_seg
quartus_eda --read_settings_files=off --write_settings_files=off Lab2_seven_seg -c Lab2_seven_seg



