Flow report for lab4_regJK
Fri Nov 15 18:37:58 2024
Quartus II 64-Bit Version 13.0.1 Build 232 06/12/2013 Service Pack 1 SJ Web Edition


---------------------
; Table of Contents ;
---------------------
  1. Legal Notice
  2. Flow Summary
  3. Flow Settings
  4. Flow Non-Default Global Settings
  5. Flow Elapsed Time
  6. Flow OS Summary
  7. Flow Log
  8. Flow Messages
  9. Flow Suppressed Messages



----------------
; Legal Notice ;
----------------
Copyright (C) 1991-2013 Altera Corporation
Your use of Altera Corporation's design tools, logic functions 
and other software and tools, and its AMPP partner logic 
functions, and any output files from any of the foregoing 
(including device programming or simulation files), and any 
associated documentation or information are expressly subject 
to the terms and conditions of the Altera Program License 
Subscription Agreement, Altera MegaCore Function License 
Agreement, or other applicable license agreement, including, 
without limitation, that your use is for the sole purpose of 
programming logic devices manufactured by Altera and sold by 
Altera or its authorized distributors.  Please refer to the 
applicable agreement for further details.



+--------------------------------------------------------------------------------------+
; Flow Summary                                                                         ;
+------------------------------------+-------------------------------------------------+
; Flow Status                        ; Successful - Fri Nov 15 18:37:58 2024           ;
; Quartus II 64-Bit Version          ; 13.0.1 Build 232 06/12/2013 SP 1 SJ Web Edition ;
; Revision Name                      ; lab4_regJK                                      ;
; Top-level Entity Name              ; lab4_regJK                                      ;
; Family                             ; Cyclone II                                      ;
; Device                             ; EP2C5Q208C8                                     ;
; Timing Models                      ; Final                                           ;
; Total logic elements               ; 8 / 4,608 ( < 1 % )                             ;
;     Total combinational functions  ; 8 / 4,608 ( < 1 % )                             ;
;     Dedicated logic registers      ; 4 / 4,608 ( < 1 % )                             ;
; Total registers                    ; 4                                               ;
; Total pins                         ; 11 / 142 ( 8 % )                                ;
; Total virtual pins                 ; 0                                               ;
; Total memory bits                  ; 0 / 119,808 ( 0 % )                             ;
; Embedded Multiplier 9-bit elements ; 0 / 26 ( 0 % )                                  ;
; Total PLLs                         ; 0 / 2 ( 0 % )                                   ;
+------------------------------------+-------------------------------------------------+


+-----------------------------------------+
; Flow Settings                           ;
+-------------------+---------------------+
; Option            ; Setting             ;
+-------------------+---------------------+
; Start date & time ; 11/15/2024 18:14:15 ;
; Main task         ; Compilation         ;
; Revision Name     ; lab4_regJK          ;
+-------------------+---------------------+


+---------------------------------------------------------------------------------------------------------------------+
; Flow Non-Default Global Settings                                                                                    ;
+-------------------------------------+--------------------------------+---------------+-------------+----------------+
; Assignment Name                     ; Value                          ; Default Value ; Entity Name ; Section Id     ;
+-------------------------------------+--------------------------------+---------------+-------------+----------------+
; COMPILER_SIGNATURE_ID               ; 30902513499835.173166925521348 ; --            ; --          ; --             ;
; EDA_GENERATE_FUNCTIONAL_NETLIST     ; On                             ; --            ; --          ; eda_simulation ;
; EDA_OUTPUT_DATA_FORMAT              ; Verilog Hdl                    ; --            ; --          ; eda_simulation ;
; EDA_SIMULATION_TOOL                 ; ModelSim-Altera (Verilog)      ; <None>        ; --          ; --             ;
; MAX_CORE_JUNCTION_TEMP              ; 85                             ; --            ; --          ; --             ;
; MIN_CORE_JUNCTION_TEMP              ; 0                              ; --            ; --          ; --             ;
; PARTITION_COLOR                     ; 16764057                       ; --            ; --          ; Top            ;
; PARTITION_FITTER_PRESERVATION_LEVEL ; PLACEMENT_AND_ROUTING          ; --            ; --          ; Top            ;
; PARTITION_NETLIST_TYPE              ; SOURCE                         ; --            ; --          ; Top            ;
; PROJECT_OUTPUT_DIRECTORY            ; output_files                   ; --            ; --          ; --             ;
+-------------------------------------+--------------------------------+---------------+-------------+----------------+


+-------------------------------------------------------------------------------------------------------------------------------+
; Flow Elapsed Time                                                                                                             ;
+---------------------------+--------------+-------------------------+---------------------+------------------------------------+
; Module Name               ; Elapsed Time ; Average Processors Used ; Peak Virtual Memory ; Total CPU Time (on all processors) ;
+---------------------------+--------------+-------------------------+---------------------+------------------------------------+
; Analysis & Synthesis      ; 00:00:01     ; 1.0                     ; 4591 MB             ; 00:00:01                           ;
; Fitter                    ; 00:00:02     ; 1.0                     ; 5214 MB             ; 00:00:02                           ;
; Assembler                 ; 00:00:01     ; 1.0                     ; 4564 MB             ; 00:00:01                           ;
; TimeQuest Timing Analyzer ; 00:00:00     ; 1.0                     ; 4578 MB             ; 00:00:01                           ;
; EDA Netlist Writer        ; 00:00:01     ; 1.0                     ; 4524 MB             ; 00:00:00                           ;
; EDA Netlist Writer        ; 00:00:00     ; 1.0                     ; 4531 MB             ; 00:00:01                           ;
; EDA Netlist Writer        ; 00:00:01     ; 1.0                     ; 4531 MB             ; 00:00:01                           ;
; EDA Netlist Writer        ; 00:00:00     ; 1.0                     ; 4531 MB             ; 00:00:01                           ;
; EDA Netlist Writer        ; 00:00:01     ; 1.0                     ; 4531 MB             ; 00:00:01                           ;
; EDA Netlist Writer        ; 00:00:00     ; 1.0                     ; 4531 MB             ; 00:00:01                           ;
; EDA Netlist Writer        ; 00:00:00     ; 1.0                     ; 4531 MB             ; 00:00:01                           ;
; Total                     ; 00:00:07     ; --                      ; --                  ; 00:00:11                           ;
+---------------------------+--------------+-------------------------+---------------------+------------------------------------+


+----------------------------------------------------------------------------------------+
; Flow OS Summary                                                                        ;
+---------------------------+------------------+-----------+------------+----------------+
; Module Name               ; Machine Hostname ; OS Name   ; OS Version ; Processor type ;
+---------------------------+------------------+-----------+------------+----------------+
; Analysis & Synthesis      ; DESKTOP-5EM7GJ0  ; Windows 7 ; 6.2        ; x86_64         ;
; Fitter                    ; DESKTOP-5EM7GJ0  ; Windows 7 ; 6.2        ; x86_64         ;
; Assembler                 ; DESKTOP-5EM7GJ0  ; Windows 7 ; 6.2        ; x86_64         ;
; TimeQuest Timing Analyzer ; DESKTOP-5EM7GJ0  ; Windows 7 ; 6.2        ; x86_64         ;
; EDA Netlist Writer        ; DESKTOP-5EM7GJ0  ; Windows 7 ; 6.2        ; x86_64         ;
; EDA Netlist Writer        ; DESKTOP-5EM7GJ0  ; Windows 7 ; 6.2        ; x86_64         ;
; EDA Netlist Writer        ; DESKTOP-5EM7GJ0  ; Windows 7 ; 6.2        ; x86_64         ;
; EDA Netlist Writer        ; DESKTOP-5EM7GJ0  ; Windows 7 ; 6.2        ; x86_64         ;
; EDA Netlist Writer        ; DESKTOP-5EM7GJ0  ; Windows 7 ; 6.2        ; x86_64         ;
; EDA Netlist Writer        ; DESKTOP-5EM7GJ0  ; Windows 7 ; 6.2        ; x86_64         ;
; EDA Netlist Writer        ; DESKTOP-5EM7GJ0  ; Windows 7 ; 6.2        ; x86_64         ;
+---------------------------+------------------+-----------+------------+----------------+


------------
; Flow Log ;
------------
quartus_map --read_settings_files=on --write_settings_files=off lab4_regJK -c lab4_regJK
quartus_fit --read_settings_files=off --write_settings_files=off lab4_regJK -c lab4_regJK
quartus_asm --read_settings_files=off --write_settings_files=off lab4_regJK -c lab4_regJK
quartus_sta lab4_regJK -c lab4_regJK
quartus_eda --read_settings_files=off --write_settings_files=off lab4_regJK -c lab4_regJK
quartus_eda --gen_testbench --check_outputs=on --tool=modelsim_oem --format=verilog lab4_regJK -c lab4_regJK --vector_source=C:/altera/13.0sp1/quartus/bin64/work/LR1_4/lab4_regJK/Waveform.vwf --testbench_file=./simulation/qsim/lab4_regJK.vt
quartus_eda --functional=on --simulation=on --tool=modelsim_oem --format=verilog lab4_regJK -c lab4_regJK
quartus_eda --gen_testbench --check_outputs=on --tool=modelsim_oem --format=verilog lab4_regJK -c lab4_regJK --vector_source=C:/altera/13.0sp1/quartus/bin64/work/LR1_4/lab4_regJK/Waveform.vwf --testbench_file=./simulation/qsim/lab4_regJK.vt
quartus_eda --functional=off --timescale=1ps --simulation=on --tool=modelsim_oem --format=verilog lab4_regJK -c lab4_regJK
quartus_eda --gen_testbench --check_outputs=on --tool=modelsim_oem --format=verilog lab4_regJK -c lab4_regJK --vector_source=C:/altera/13.0sp1/quartus/bin64/work/LR1_4/lab4_regJK/Waveform.vwf --testbench_file=./simulation/qsim/lab4_regJK.vt
quartus_eda --functional=off --timescale=1ps --simulation=on --tool=modelsim_oem --format=verilog lab4_regJK -c lab4_regJK



